2024-12-24 07:48:28 Started
2024-12-24 07:48:29 Retrieved data from https://xmplaylist.com/station/altnation
2024-12-24 07:48:29 Found 24 song elements
2024-12-24 07:48:29 Song number 1
2024-12-24 07:48:29 songAnchor: /station/altnation/track/GDCA-110639153-002
2024-12-24 07:48:29 /station/altnation/track/GDCA-110639153-002 is already added to database
2024-12-24 07:48:29 Existing song title: Nobody's Soldier
2024-12-24 07:48:29 Existing song artist: Hozier
2024-12-24 07:48:29 Existing song file name: Hozier - Nobody s Soldier (2024).mp4
2024-12-24 07:48:29 Nothing to do. Skipping to next song.
2024-12-24 07:48:29 Song number 2
2024-12-24 07:48:29 songAnchor: /station/altnation/track/GDCA-109517729-001
2024-12-24 07:48:29 /station/altnation/track/GDCA-109517729-001 is already added to database
2024-12-24 07:48:29 Existing song title: One More Time
2024-12-24 07:48:29 Existing song artist: blink-182
2024-12-24 07:48:29 Existing song file name: blink 182 - One More Time (2023).mp4
2024-12-24 07:48:29 Nothing to do. Skipping to next song.
2024-12-24 07:48:29 Song number 3
2024-12-24 07:48:29 songAnchor: /station/altnation/track/GDCA-107116958-001
2024-12-24 07:48:29 /station/altnation/track/GDCA-107116958-001 is already added to database
2024-12-24 07:48:29 Existing song title: Meet Me At Our Spot (Live)
2024-12-24 07:48:29 Existing song artist: The Anxiety
2024-12-24 07:48:29 Existing song file name: The Anxiety - Meet Me At Our Spot Live (2021).mp4
2024-12-24 07:48:29 Nothing to do. Skipping to next song.
2024-12-24 07:48:29 Song number 4
2024-12-24 07:48:29 songAnchor: /station/altnation/track/GDCA-110305912-001
2024-12-24 07:48:29 New song title: Metaverse
2024-12-24 07:48:29 Artists is not None
2024-12-24 07:48:29 artistList = Cage The Elephant 
2024-12-24 07:48:29 Calling VideoSearch
2024-12-24 07:48:29 HTTP Request: POST https://www.youtube.com/youtubei/v1/search?key=AIzaSyAO_FJ2SlqU8Q4STEHLGCilw_Y9_11qcW8 "HTTP/1.1 200 OK"
2024-12-24 07:48:29 Getting videoUrl
2024-12-24 07:48:29 Getting youtube_id
2024-12-24 07:48:29 updating json_songs
2024-12-24 07:48:30 Filename: Cage The Elephant - Metaverse (2024).mp4
2024-12-24 07:48:30 Saving C:\Github-Projects\Python Music Video Grabber\videos\Cage The Elephant - Metaverse (2024).mp4
2024-12-24 07:48:30 Trying 2160p
2024-12-24 07:48:30 There was an error downloading 2160p video err=<HTTPError 400: 'Bad Request'>, type(err)=<class 'urllib.error.HTTPError'>
2024-12-24 07:48:30 Trying 1080p
2024-12-24 07:48:31 There was an error downloading 1080p video err=<HTTPError 400: 'Bad Request'>, type(err)=<class 'urllib.error.HTTPError'>
2024-12-24 07:48:31 Trying 720p
2024-12-24 07:48:31 There was an error downloading 720p video err=<HTTPError 400: 'Bad Request'>, type(err)=<class 'urllib.error.HTTPError'>
2024-12-24 07:48:31 Trying for best resolution
2024-12-24 07:48:31 There was an error downloading highest resolution video err=<HTTPError 400: 'Bad Request'>, type(err)=<class 'urllib.error.HTTPError'>
2024-12-24 07:48:31 Aborting this song.
2024-12-24 07:48:31 Could not download
2024-12-24 07:48:31 Song number 5
2024-12-24 07:48:31 songAnchor: /station/altnation/track/NDCA-000136116-001
2024-12-24 07:48:31 /station/altnation/track/NDCA-000136116-001 is already added to database
2024-12-24 07:48:31 Existing song title: I Will Possess Your Heart
2024-12-24 07:48:31 Existing song artist: Death Cab For Cutie
2024-12-24 07:48:31 Existing song file name: Death Cab For Cutie - I Will Possess Your Heart (2009).mp4
2024-12-24 07:48:31 Nothing to do. Skipping to next song.
2024-12-24 07:48:31 Song number 6
2024-12-24 07:48:31 songAnchor: /station/altnation/track/GDCA-110736663-001
2024-12-24 07:48:31 /station/altnation/track/GDCA-110736663-001 is already added to database
2024-12-24 07:48:31 Existing song title: Blue Sky & The Painter
2024-12-24 07:48:31 Existing song artist: Bastille
2024-12-24 07:48:31 Existing song file name: Bastille - Blue Sky The Painter (2024).mp4
2024-12-24 07:48:31 Nothing to do. Skipping to next song.
2024-12-24 07:48:31 Song number 7
2024-12-24 07:48:31 songAnchor: /station/altnation/track/NDCA-000313397-002
2024-12-24 07:48:31 /station/altnation/track/NDCA-000313397-002 is already added to database
2024-12-24 07:48:31 Existing song title: Cleopatra
2024-12-24 07:48:31 Existing song artist: Lumineers
2024-12-24 07:48:31 Existing song file name: Lumineers - Cleopatra (2016).mp4
2024-12-24 07:48:31 Nothing to do. Skipping to next song.
2024-12-24 07:48:31 Song number 8
2024-12-24 07:48:31 songAnchor: /station/altnation/track/GDCA-110486957-001
2024-12-24 07:48:31 New song title: daisies
2024-12-24 07:48:31 Artists is not None
2024-12-24 07:48:31 artistList = Good Neighbours 
2024-12-24 07:48:31 Calling VideoSearch
2024-12-24 07:48:32 HTTP Request: POST https://www.youtube.com/youtubei/v1/search?key=AIzaSyAO_FJ2SlqU8Q4STEHLGCilw_Y9_11qcW8 "HTTP/1.1 200 OK"
2024-12-24 07:48:32 Getting videoUrl
2024-12-24 07:48:32 Getting youtube_id
2024-12-24 07:48:32 updating json_songs
2024-12-24 07:48:33 Filename: Good Neighbours - daisies (2024).mp4
2024-12-24 07:48:33 Saving C:\Github-Projects\Python Music Video Grabber\videos\Good Neighbours - daisies (2024).mp4
2024-12-24 07:48:33 Trying 2160p
2024-12-24 07:48:33 There was an error downloading 2160p video err=<HTTPError 400: 'Bad Request'>, type(err)=<class 'urllib.error.HTTPError'>
2024-12-24 07:48:33 Trying 1080p
2024-12-24 07:48:33 There was an error downloading 1080p video err=<HTTPError 400: 'Bad Request'>, type(err)=<class 'urllib.error.HTTPError'>
2024-12-24 07:48:33 Trying 720p
2024-12-24 07:48:33 There was an error downloading 720p video err=<HTTPError 400: 'Bad Request'>, type(err)=<class 'urllib.error.HTTPError'>
2024-12-24 07:48:33 Trying for best resolution
2024-12-24 07:48:33 There was an error downloading highest resolution video err=<HTTPError 400: 'Bad Request'>, type(err)=<class 'urllib.error.HTTPError'>
2024-12-24 07:48:33 Aborting this song.
2024-12-24 07:48:33 Could not download
2024-12-24 07:48:33 Song number 9
2024-12-24 07:48:33 songAnchor: /station/altnation/track/GDCA-110580326-003
2024-12-24 07:48:33 /station/altnation/track/GDCA-110580326-003 is already added to database
2024-12-24 07:48:33 Existing song title: That's How I'm Feeling
2024-12-24 07:48:33 Existing song artist: Jack White
2024-12-24 07:48:33 Existing song file name: Jack White - That s How I m Feeling (2024).mp4
2024-12-24 07:48:33 Nothing to do. Skipping to next song.
2024-12-24 07:48:33 Song number 10
2024-12-24 07:48:33 songAnchor: /station/altnation/track/NDCA-000030813-001
2024-12-24 07:48:33 /station/altnation/track/NDCA-000030813-001 is already added to database
2024-12-24 07:48:33 Existing song title: Lazy Eye
2024-12-24 07:48:33 Existing song artist: Silversun Pickups
2024-12-24 07:48:33 Existing song file name: Silversun Pickups - Lazy Eye (2006).mp4
2024-12-24 07:48:33 Nothing to do. Skipping to next song.
2024-12-24 07:48:33 Song number 11
2024-12-24 07:48:33 songAnchor: /station/altnation/track/GDCA-109194968-002
2024-12-24 07:48:33 /station/altnation/track/GDCA-109194968-002 is already added to database
2024-12-24 07:48:33 Existing song title: Feeling For You
2024-12-24 07:48:33 Existing song artist: Milky Chance
2024-12-24 07:48:33 Existing song file name: Milky Chance - Feeling For You (2023).mp4
2024-12-24 07:48:33 Nothing to do. Skipping to next song.
2024-12-24 07:48:33 Song number 12
2024-12-24 07:48:33 songAnchor: /station/altnation/track/GDCA-102600485-001
2024-12-24 07:48:33 /station/altnation/track/GDCA-102600485-001 is already added to database
2024-12-24 07:48:33 Existing song title: Missed Connection
2024-12-24 07:48:33 Existing song artist: The Head And The Heart
2024-12-24 07:48:33 Existing song file name: The Head And The Heart - Missed Connection (2019).mp4
2024-12-24 07:48:33 Nothing to do. Skipping to next song.
2024-12-24 07:48:33 Song number 13
2024-12-24 07:48:33 songAnchor: /station/altnation/track/GDCA-110658301-001
2024-12-24 07:48:33 /station/altnation/track/GDCA-110658301-001 is already added to database
2024-12-24 07:48:33 Existing song title: So Cold
2024-12-24 07:48:33 Existing song artist: Balu Brigada
2024-12-24 07:48:33 Existing song file name: Balu Brigada - So Cold (2024).mp4
2024-12-24 07:48:33 Nothing to do. Skipping to next song.
2024-12-24 07:48:33 Song number 14
2024-12-24 07:48:33 songAnchor: /station/altnation/track/NDCA-000065037-001
2024-12-24 07:48:33 /station/altnation/track/NDCA-000065037-001 is already added to database
2024-12-24 07:48:33 Existing song title: The Cave
2024-12-24 07:48:33 Existing song artist: Mumford & Sons
2024-12-24 07:48:33 Existing song file name: Mumford Sons - The Cave (2010).mp4
2024-12-24 07:48:33 Nothing to do. Skipping to next song.
2024-12-24 07:48:33 Song number 15
2024-12-24 07:48:33 songAnchor: /station/altnation/track/NDCA-000127494-004
2024-12-24 07:48:33 New song title: Maps
2024-12-24 07:48:33 Artists is not None
2024-12-24 07:48:33 artistList = Yeah Yeah Yeahs 
2024-12-24 07:48:33 Calling VideoSearch
2024-12-24 07:48:34 HTTP Request: POST https://www.youtube.com/youtubei/v1/search?key=AIzaSyAO_FJ2SlqU8Q4STEHLGCilw_Y9_11qcW8 "HTTP/1.1 200 OK"
2024-12-24 07:48:34 Getting videoUrl
2024-12-24 07:48:34 Getting youtube_id
2024-12-24 07:48:34 updating json_songs
2024-12-24 07:48:35 Filename: Yeah Yeah Yeahs - Maps (2009).mp4
2024-12-24 07:48:35 Saving C:\Github-Projects\Python Music Video Grabber\videos\Yeah Yeah Yeahs - Maps (2009).mp4
2024-12-24 07:48:35 Trying 2160p
2024-12-24 07:48:35 There was an error downloading 2160p video err=<HTTPError 400: 'Bad Request'>, type(err)=<class 'urllib.error.HTTPError'>
2024-12-24 07:48:35 Trying 1080p
2024-12-24 07:48:36 There was an error downloading 1080p video err=<HTTPError 400: 'Bad Request'>, type(err)=<class 'urllib.error.HTTPError'>
2024-12-24 07:48:36 Trying 720p
2024-12-24 07:48:36 There was an error downloading 720p video err=<HTTPError 400: 'Bad Request'>, type(err)=<class 'urllib.error.HTTPError'>
2024-12-24 07:48:36 Trying for best resolution
2024-12-24 07:48:36 There was an error downloading highest resolution video err=<HTTPError 400: 'Bad Request'>, type(err)=<class 'urllib.error.HTTPError'>
2024-12-24 07:48:36 Aborting this song.
2024-12-24 07:48:36 Could not download
2024-12-24 07:48:36 Song number 16
2024-12-24 07:48:36 songAnchor: /station/altnation/track/GDCA-110763118-001
2024-12-24 07:48:36 /station/altnation/track/GDCA-110763118-001 is already added to database
2024-12-24 07:48:36 Existing song title: Vienna (Everything's Fine)
2024-12-24 07:48:36 Existing song artist: Vienna Vienna
2024-12-24 07:48:36 Existing song file name: Vienna Vienna - Vienna Everything s Fine (2024).mp4
2024-12-24 07:48:36 Nothing to do. Skipping to next song.
2024-12-24 07:48:36 Song number 17
2024-12-24 07:48:36 songAnchor: /station/altnation/track/GDCA-108089053-002
2024-12-24 07:48:36 /station/altnation/track/GDCA-108089053-002 is already added to database
2024-12-24 07:48:36 Existing song title: boy
2024-12-24 07:48:36 Existing song artist: The Killers
2024-12-24 07:48:36 Existing song file name: The Killers - boy (2022).mp4
2024-12-24 07:48:36 Nothing to do. Skipping to next song.
2024-12-24 07:48:36 Song number 18
2024-12-24 07:48:36 songAnchor: /station/altnation/track/GDCA-109911047-004
2024-12-24 07:48:36 New song title: Bobby Sox
2024-12-24 07:48:36 Artists is not None
2024-12-24 07:48:36 artistList = Green Day 
2024-12-24 07:48:36 Calling VideoSearch
2024-12-24 07:48:37 HTTP Request: POST https://www.youtube.com/youtubei/v1/search?key=AIzaSyAO_FJ2SlqU8Q4STEHLGCilw_Y9_11qcW8 "HTTP/1.1 200 OK"
2024-12-24 07:48:37 Getting videoUrl
2024-12-24 07:48:37 Getting youtube_id
2024-12-24 07:48:37 updating json_songs
2024-12-24 07:48:38 Filename: Green Day - Bobby Sox (2024).mp4
2024-12-24 07:48:38 Saving C:\Github-Projects\Python Music Video Grabber\videos\Green Day - Bobby Sox (2024).mp4
2024-12-24 07:48:38 Trying 2160p
2024-12-24 07:48:38 There was an error downloading 2160p video err=<HTTPError 400: 'Bad Request'>, type(err)=<class 'urllib.error.HTTPError'>
2024-12-24 07:48:38 Trying 1080p
2024-12-24 07:48:38 There was an error downloading 1080p video err=<HTTPError 400: 'Bad Request'>, type(err)=<class 'urllib.error.HTTPError'>
2024-12-24 07:48:38 Trying 720p
2024-12-24 07:48:38 There was an error downloading 720p video err=<HTTPError 400: 'Bad Request'>, type(err)=<class 'urllib.error.HTTPError'>
2024-12-24 07:48:38 Trying for best resolution
2024-12-24 07:48:39 There was an error downloading highest resolution video err=<HTTPError 400: 'Bad Request'>, type(err)=<class 'urllib.error.HTTPError'>
2024-12-24 07:48:39 Aborting this song.
2024-12-24 07:48:39 Could not download
2024-12-24 07:48:39 Song number 19
2024-12-24 07:48:39 songAnchor: /station/altnation/track/NDCA-000050518-001
2024-12-24 07:48:39 /station/altnation/track/NDCA-000050518-001 is already added to database
2024-12-24 07:48:39 Existing song title: Campus
2024-12-24 07:48:39 Existing song artist: Vampire Weekend
2024-12-24 07:48:39 Existing song file name: Vampire Weekend - Campus (2013).mp4
2024-12-24 07:48:39 Nothing to do. Skipping to next song.
2024-12-24 07:48:39 Song number 20
2024-12-24 07:48:39 songAnchor: /station/altnation/track/GDCA-110638810-001
2024-12-24 07:48:39 /station/altnation/track/GDCA-110638810-001 is already added to database
2024-12-24 07:48:39 Existing song title: See You In The Afterlife
2024-12-24 07:48:39 Existing song artist: Foster The People
2024-12-24 07:48:39 Existing song file name: Foster The People - See You In The Afterlife (2024).mp4
2024-12-24 07:48:39 Nothing to do. Skipping to next song.
2024-12-24 07:48:39 Song number 21
2024-12-24 07:48:39 songAnchor: /station/altnation/track/GDCA-108194964-001
2024-12-24 07:48:39 /station/altnation/track/GDCA-108194964-001 is already added to database
2024-12-24 07:48:39 Existing song title: Tonight
2024-12-24 07:48:39 Existing song artist: Phoenix Ezra Koenig
2024-12-24 07:48:39 Existing song file name: Phoenix Ezra Koenig - Tonight (2022).mp4
2024-12-24 07:48:39 Nothing to do. Skipping to next song.
2024-12-24 07:48:39 Song number 22
2024-12-24 07:48:39 songAnchor: /station/altnation/track/GDCA-111013684-001
2024-12-24 07:48:39 New song title: The Line
2024-12-24 07:48:39 Artists is not None
2024-12-24 07:48:39 artistList = Twenty One Pilots 
2024-12-24 07:48:39 Calling VideoSearch
2024-12-24 07:48:40 HTTP Request: POST https://www.youtube.com/youtubei/v1/search?key=AIzaSyAO_FJ2SlqU8Q4STEHLGCilw_Y9_11qcW8 "HTTP/1.1 200 OK"
2024-12-24 07:48:40 Getting videoUrl
2024-12-24 07:48:40 Getting youtube_id
2024-12-24 07:48:40 updating json_songs
2024-12-24 07:48:40 Filename: Twenty One Pilots - The Line (2024).mp4
2024-12-24 07:48:40 Saving C:\Github-Projects\Python Music Video Grabber\videos\Twenty One Pilots - The Line (2024).mp4
2024-12-24 07:48:40 Trying 2160p
2024-12-24 07:48:40 There was an error downloading 2160p video err=<HTTPError 400: 'Bad Request'>, type(err)=<class 'urllib.error.HTTPError'>
2024-12-24 07:48:40 Trying 1080p
2024-12-24 07:48:41 There was an error downloading 1080p video err=<HTTPError 400: 'Bad Request'>, type(err)=<class 'urllib.error.HTTPError'>
2024-12-24 07:48:41 Trying 720p
2024-12-24 07:48:41 There was an error downloading 720p video err=<HTTPError 400: 'Bad Request'>, type(err)=<class 'urllib.error.HTTPError'>
2024-12-24 07:48:41 Trying for best resolution
2024-12-24 07:48:41 There was an error downloading highest resolution video err=<HTTPError 400: 'Bad Request'>, type(err)=<class 'urllib.error.HTTPError'>
2024-12-24 07:48:41 Aborting this song.
2024-12-24 07:48:41 Could not download
2024-12-24 07:48:41 Song number 23
2024-12-24 07:48:41 songAnchor: /station/altnation/track/NDCA-000132296-004
2024-12-24 07:48:41 /station/altnation/track/NDCA-000132296-004 is already added to database
2024-12-24 07:48:41 Existing song title: Electric Feel
2024-12-24 07:48:41 Existing song artist: MGMT
2024-12-24 07:48:41 Existing song file name: MGMT - Electric Feel (2009).mp4
2024-12-24 07:48:41 Nothing to do. Skipping to next song.
2024-12-24 07:48:41 Song number 24
2024-12-24 07:48:41 songAnchor: /station/altnation/track/GDCA-110137382-001
2024-12-24 07:48:41 /station/altnation/track/GDCA-110137382-001 is already added to database
2024-12-24 07:48:41 Existing song title: Panoramic View
2024-12-24 07:48:41 Existing song artist: AWOLNATION
2024-12-24 07:48:41 Existing song file name: AWOLNATION - Panoramic View (2024).mp4
2024-12-24 07:48:41 Nothing to do. Skipping to next song.
2024-12-24 07:48:41 Almost done. Writing out the json file now
2024-12-24 07:48:41 Sending notification email now
2024-12-24 07:48:41 Error sending email err=AttributeError("'NoneType' object has no attribute 'encode'"), type(err)=<class 'AttributeError'>
2024-12-24 07:48:41 Finished
2024-12-24 09:13:39 Started
2024-12-24 09:13:40 Retrieved data from https://xmplaylist.com/station/altnation
2024-12-24 09:13:40 Found 24 song elements
2024-12-24 09:13:40 Song number 1
2024-12-24 09:13:40 songAnchor: /station/altnation/track/GDCA-109102089-001
2024-12-24 09:13:40 /station/altnation/track/GDCA-109102089-001 is already added to database
2024-12-24 09:13:40 Existing song title: The Narcissist
2024-12-24 09:13:40 Existing song artist: Blur
2024-12-24 09:13:40 Existing song file name: Blur - The Narcissist (2023).mp4
2024-12-24 09:13:40 Nothing to do. Skipping to next song.
2024-12-24 09:13:40 Song number 2
2024-12-24 09:13:40 songAnchor: /station/altnation/track/GDCA-101204514-001
2024-12-24 09:13:40 /station/altnation/track/GDCA-101204514-001 is already added to database
2024-12-24 09:13:40 Existing song title: Tidal Wave
2024-12-24 09:13:40 Existing song artist: Portugal. The Man
2024-12-24 09:13:40 Existing song file name: Portugal The Man - Tidal Wave (2018).mp4
2024-12-24 09:13:40 Nothing to do. Skipping to next song.
2024-12-24 09:13:40 Song number 3
2024-12-24 09:13:40 songAnchor: /station/altnation/track/GDCA-109512694-001
2024-12-24 09:13:40 /station/altnation/track/GDCA-109512694-001 is already added to database
2024-12-24 09:13:40 Existing song title: Modern Girl
2024-12-24 09:13:40 Existing song artist: Bleachers
2024-12-24 09:13:40 Existing song file name: Bleachers - Modern Girl (2023).mp4
2024-12-24 09:13:40 Nothing to do. Skipping to next song.
2024-12-24 09:13:40 Song number 4
2024-12-24 09:13:40 songAnchor: /station/altnation/track/GDCA-100400476-001
2024-12-24 09:13:40 /station/altnation/track/GDCA-100400476-001 is already added to database
2024-12-24 09:13:40 Existing song title: I Feel Like I'm Drowning
2024-12-24 09:13:40 Existing song artist: Two Feet
2024-12-24 09:13:40 Existing song file name: Two Feet - I Feel Like I m Drowning (2018).mp4
2024-12-24 09:13:40 Nothing to do. Skipping to next song.
2024-12-24 09:13:40 Song number 5
2024-12-24 09:13:40 songAnchor: /station/altnation/track/GDCA-110976554-001
2024-12-24 09:13:40 New song title: Jeanie
2024-12-24 09:13:40 Artists is not None
2024-12-24 09:13:40 artistList = The Kooks & lovelytheband 
2024-12-24 09:13:40 Calling VideoSearch
2024-12-24 09:13:41 HTTP Request: POST https://www.youtube.com/youtubei/v1/search?key=AIzaSyAO_FJ2SlqU8Q4STEHLGCilw_Y9_11qcW8 "HTTP/1.1 200 OK"
2024-12-24 09:13:41 HTTP Request: POST https://www.youtube.com/youtubei/v1/search?key=AIzaSyAO_FJ2SlqU8Q4STEHLGCilw_Y9_11qcW8 "HTTP/1.1 200 OK"
2024-12-24 09:13:41 Getting videoUrl
2024-12-24 09:13:41 Getting youtube_id
2024-12-24 09:13:41 updating json_songs
2024-12-24 09:13:42 Filename: The Kooks lovelytheband - Jeanie (2024).mp4
2024-12-24 09:13:42 Saving C:\Github-Projects\Python Music Video Grabber\videos\The Kooks lovelytheband - Jeanie (2024).mp4
2024-12-24 09:13:42 Trying 2160p
2024-12-24 09:13:43 There was an error downloading 2160p video err=<HTTPError 400: 'Bad Request'>, type(err)=<class 'urllib.error.HTTPError'>
2024-12-24 09:13:43 Trying 1080p
2024-12-24 09:13:43 There was an error downloading 1080p video err=<HTTPError 400: 'Bad Request'>, type(err)=<class 'urllib.error.HTTPError'>
2024-12-24 09:13:43 Trying 720p
2024-12-24 09:13:43 There was an error downloading 720p video err=<HTTPError 400: 'Bad Request'>, type(err)=<class 'urllib.error.HTTPError'>
2024-12-24 09:13:43 Trying for best resolution
2024-12-24 09:13:43 There was an error downloading highest resolution video err=<HTTPError 400: 'Bad Request'>, type(err)=<class 'urllib.error.HTTPError'>
2024-12-24 09:13:43 Aborting this song.
2024-12-24 09:13:43 Could not download
2024-12-24 09:13:43 Song number 6
2024-12-24 09:13:43 songAnchor: /station/altnation/track/NDCA-000290516-001
2024-12-24 09:13:43 /station/altnation/track/NDCA-000290516-001 is already added to database
2024-12-24 09:13:43 Existing song title: Could Have Been Me
2024-12-24 09:13:43 Existing song artist: Struts
2024-12-24 09:13:43 Existing song file name: Struts - Could Have Been Me (2015).mp4
2024-12-24 09:13:43 Nothing to do. Skipping to next song.
2024-12-24 09:13:43 Song number 7
2024-12-24 09:13:43 songAnchor: /station/altnation/track/GDCA-110386465-001
2024-12-24 09:13:43 /station/altnation/track/GDCA-110386465-001 is already added to database
2024-12-24 09:13:43 Existing song title: A Tear in Space (Airlock)
2024-12-24 09:13:43 Existing song artist: Glass Animals
2024-12-24 09:13:43 Existing song file name: Glass Animals - A Tear in Space Airlock (2024).mp4
2024-12-24 09:13:43 Nothing to do. Skipping to next song.
2024-12-24 09:13:43 Song number 8
2024-12-24 09:13:43 songAnchor: /station/altnation/track/NDCA-000098249-001
2024-12-24 09:13:43 /station/altnation/track/NDCA-000098249-001 is already added to database
2024-12-24 09:13:43 Existing song title: All My Life
2024-12-24 09:13:43 Existing song artist: Foo Fighters
2024-12-24 09:13:43 Existing song file name: Foo Fighters - All My Life (2009).mp4
2024-12-24 09:13:43 Nothing to do. Skipping to next song.
2024-12-24 09:13:43 Song number 9
2024-12-24 09:13:43 songAnchor: /station/altnation/track/GDCA-110241793-005
2024-12-24 09:13:43 /station/altnation/track/GDCA-110241793-005 is already added to database
2024-12-24 09:13:43 Existing song title: Neverender
2024-12-24 09:13:43 Existing song artist: Justice Tame Impala
2024-12-24 09:13:43 Existing song file name: Justice Tame Impala - Neverender (2024).mp4
2024-12-24 09:13:43 Nothing to do. Skipping to next song.
2024-12-24 09:13:43 Song number 10
2024-12-24 09:13:43 songAnchor: /station/altnation/track/NDCA-000244823-002
2024-12-24 09:13:43 /station/altnation/track/NDCA-000244823-002 is already added to database
2024-12-24 09:13:43 Existing song title: Riptide
2024-12-24 09:13:43 Existing song artist: Vance Joy
2024-12-24 09:13:43 Existing song file name: Vance Joy - Riptide (2013).mp4
2024-12-24 09:13:43 Nothing to do. Skipping to next song.
2024-12-24 09:13:43 Song number 11
2024-12-24 09:13:43 songAnchor: /station/altnation/track/GDCA-110442519-004
2024-12-24 09:13:43 /station/altnation/track/GDCA-110442519-004 is already added to database
2024-12-24 09:13:43 Existing song title: Favourite
2024-12-24 09:13:43 Existing song artist: Fontaines D.C.
2024-12-24 09:13:43 Existing song file name: Fontaines D C - Favourite (2024).mp4
2024-12-24 09:13:43 Nothing to do. Skipping to next song.
2024-12-24 09:13:43 Song number 12
2024-12-24 09:13:43 songAnchor: /station/altnation/track/NDCA-000233949-001
2024-12-24 09:13:43 /station/altnation/track/NDCA-000233949-001 is already added to database
2024-12-24 09:13:43 Existing song title: Afraid
2024-12-24 09:13:43 Existing song artist: Neighbourhood
2024-12-24 09:13:43 Existing song file name: Neighbourhood - Afraid (2013).mp4
2024-12-24 09:13:43 Nothing to do. Skipping to next song.
2024-12-24 09:13:43 Song number 13
2024-12-24 09:13:43 songAnchor: /station/altnation/track/GDCA-110875175-001
2024-12-24 09:13:43 New song title: Ok, But This Is The Last Time
2024-12-24 09:13:43 Artists is not None
2024-12-24 09:13:43 artistList = The Offspring 
2024-12-24 09:13:43 Calling VideoSearch
2024-12-24 09:13:44 HTTP Request: POST https://www.youtube.com/youtubei/v1/search?key=AIzaSyAO_FJ2SlqU8Q4STEHLGCilw_Y9_11qcW8 "HTTP/1.1 200 OK"
2024-12-24 09:13:45 HTTP Request: POST https://www.youtube.com/youtubei/v1/search?key=AIzaSyAO_FJ2SlqU8Q4STEHLGCilw_Y9_11qcW8 "HTTP/1.1 200 OK"
2024-12-24 09:13:45 Getting videoUrl
2024-12-24 09:13:45 Getting youtube_id
2024-12-24 09:13:45 updating json_songs
2024-12-24 09:13:46 Filename: The Offspring - Ok But This Is The Last Time (2024).mp4
2024-12-24 09:13:46 Saving C:\Github-Projects\Python Music Video Grabber\videos\The Offspring - Ok But This Is The Last Time (2024).mp4
2024-12-24 09:13:46 Trying 2160p
2024-12-24 09:13:46 There was an error downloading 2160p video err=<HTTPError 400: 'Bad Request'>, type(err)=<class 'urllib.error.HTTPError'>
2024-12-24 09:13:46 Trying 1080p
2024-12-24 09:13:46 There was an error downloading 1080p video err=<HTTPError 400: 'Bad Request'>, type(err)=<class 'urllib.error.HTTPError'>
2024-12-24 09:13:46 Trying 720p
2024-12-24 09:13:47 There was an error downloading 720p video err=<HTTPError 400: 'Bad Request'>, type(err)=<class 'urllib.error.HTTPError'>
2024-12-24 09:13:47 Trying for best resolution
2024-12-24 09:13:47 There was an error downloading highest resolution video err=<HTTPError 400: 'Bad Request'>, type(err)=<class 'urllib.error.HTTPError'>
2024-12-24 09:13:47 Aborting this song.
2024-12-24 09:13:47 Could not download
2024-12-24 09:13:47 Song number 14
2024-12-24 09:13:47 songAnchor: /station/altnation/track/NDCA-000102462-003
2024-12-24 09:13:47 /station/altnation/track/NDCA-000102462-003 is already added to database
2024-12-24 09:13:47 Existing song title: American Idiot
2024-12-24 09:13:47 Existing song artist: Green Day
2024-12-24 09:13:47 Existing song file name: Green Day - American Idiot (2012).mp4
2024-12-24 09:13:47 Nothing to do. Skipping to next song.
2024-12-24 09:13:47 Song number 15
2024-12-24 09:13:47 songAnchor: /station/altnation/track/GDCA-109069094-001
2024-12-24 09:13:47 /station/altnation/track/GDCA-109069094-001 is already added to database
2024-12-24 09:13:47 Existing song title: Overcome
2024-12-24 09:13:47 Existing song artist: Nothing But Thieves
2024-12-24 09:13:47 Existing song file name: Nothing But Thieves - Overcome (2023).mp4
2024-12-24 09:13:47 Nothing to do. Skipping to next song.
2024-12-24 09:13:47 Song number 16
2024-12-24 09:13:47 songAnchor: /station/altnation/track/NDCA-000229222-001
2024-12-24 09:13:47 /station/altnation/track/NDCA-000229222-001 is already added to database
2024-12-24 09:13:47 Existing song title: Out Of My League
2024-12-24 09:13:47 Existing song artist: Fitz & The Tantrums
2024-12-24 09:13:47 Existing song file name: Fitz The Tantrums - Out Of My League (2013).mp4
2024-12-24 09:13:47 Nothing to do. Skipping to next song.
2024-12-24 09:13:47 Song number 17
2024-12-24 09:13:47 songAnchor: /station/altnation/track/GDCA-110901123-001
2024-12-24 09:13:47 /station/altnation/track/GDCA-110901123-001 is already added to database
2024-12-24 09:13:47 Existing song title: My Serotonin
2024-12-24 09:13:47 Existing song artist: Bishop Briggs
2024-12-24 09:13:47 Existing song file name: Bishop Briggs - My Serotonin (2024).mp4
2024-12-24 09:13:47 Nothing to do. Skipping to next song.
2024-12-24 09:13:47 Song number 18
2024-12-24 09:13:47 songAnchor: /station/altnation/track/NDCA-000037438-001
2024-12-24 09:13:47 New song title: Bandages
2024-12-24 09:13:47 Artists is not None
2024-12-24 09:13:47 artistList = Hot Hot Heat 
2024-12-24 09:13:47 Calling VideoSearch
2024-12-24 09:13:48 HTTP Request: POST https://www.youtube.com/youtubei/v1/search?key=AIzaSyAO_FJ2SlqU8Q4STEHLGCilw_Y9_11qcW8 "HTTP/1.1 200 OK"
2024-12-24 09:13:49 HTTP Request: POST https://www.youtube.com/youtubei/v1/search?key=AIzaSyAO_FJ2SlqU8Q4STEHLGCilw_Y9_11qcW8 "HTTP/1.1 200 OK"
2024-12-24 09:13:49 Getting videoUrl
2024-12-24 09:13:49 Getting youtube_id
2024-12-24 09:13:49 updating json_songs
2024-12-24 09:13:49 Filename: Hot Hot Heat - Bandages (2008).mp4
2024-12-24 09:13:49 Saving C:\Github-Projects\Python Music Video Grabber\videos\Hot Hot Heat - Bandages (2008).mp4
2024-12-24 09:13:49 Trying 2160p
2024-12-24 09:13:50 There was an error downloading 2160p video err=<HTTPError 400: 'Bad Request'>, type(err)=<class 'urllib.error.HTTPError'>
2024-12-24 09:13:50 Trying 1080p
2024-12-24 09:13:50 There was an error downloading 1080p video err=<HTTPError 400: 'Bad Request'>, type(err)=<class 'urllib.error.HTTPError'>
2024-12-24 09:13:50 Trying 720p
2024-12-24 09:13:50 There was an error downloading 720p video err=<HTTPError 400: 'Bad Request'>, type(err)=<class 'urllib.error.HTTPError'>
2024-12-24 09:13:50 Trying for best resolution
2024-12-24 09:13:50 There was an error downloading highest resolution video err=<HTTPError 400: 'Bad Request'>, type(err)=<class 'urllib.error.HTTPError'>
2024-12-24 09:13:50 Aborting this song.
2024-12-24 09:13:50 Could not download
2024-12-24 09:13:50 Song number 19
2024-12-24 09:13:50 songAnchor: /station/altnation/track/GDCA-110715561-001
2024-12-24 09:13:50 /station/altnation/track/GDCA-110715561-001 is already added to database
2024-12-24 09:13:50 Existing song title: Darkerside
2024-12-24 09:13:50 Existing song artist: David Kushner
2024-12-24 09:13:50 Existing song file name: David Kushner - Darkerside (2024).mp4
2024-12-24 09:13:50 Nothing to do. Skipping to next song.
2024-12-24 09:13:50 Song number 20
2024-12-24 09:13:50 songAnchor: /station/altnation/track/GDCA-110850311-001
2024-12-24 09:13:50 /station/altnation/track/GDCA-110850311-001 is already added to database
2024-12-24 09:13:50 Existing song title: Sorry I’m Late, I Didn't Want To Come
2024-12-24 09:13:50 Existing song artist: The Wombats
2024-12-24 09:13:50 Existing song file name: The Wombats - Sorry Im Late I Didn t Want To Come (2024).mp4
2024-12-24 09:13:50 Nothing to do. Skipping to next song.
2024-12-24 09:13:50 Song number 21
2024-12-24 09:13:50 songAnchor: /station/altnation/track/NDCA-000331455-001
2024-12-24 09:13:50 /station/altnation/track/NDCA-000331455-001 is already added to database
2024-12-24 09:13:50 Existing song title: Heavydirtysoul
2024-12-24 09:13:50 Existing song artist: Twenty One Pilots
2024-12-24 09:13:50 Existing song file name: Twenty One Pilots - Heavydirtysoul (2017).mp4
2024-12-24 09:13:50 Nothing to do. Skipping to next song.
2024-12-24 09:13:50 Song number 22
2024-12-24 09:13:50 songAnchor: /station/altnation/track/GDCA-110875181-001
2024-12-24 09:13:50 New song title: I Look Alive
2024-12-24 09:13:50 Artists is not None
2024-12-24 09:13:50 artistList = Phoneboy 
2024-12-24 09:13:50 Calling VideoSearch
2024-12-24 09:13:51 HTTP Request: POST https://www.youtube.com/youtubei/v1/search?key=AIzaSyAO_FJ2SlqU8Q4STEHLGCilw_Y9_11qcW8 "HTTP/1.1 200 OK"
2024-12-24 09:13:52 HTTP Request: POST https://www.youtube.com/youtubei/v1/search?key=AIzaSyAO_FJ2SlqU8Q4STEHLGCilw_Y9_11qcW8 "HTTP/1.1 200 OK"
2024-12-24 09:13:52 Getting videoUrl
2024-12-24 09:13:52 Getting youtube_id
2024-12-24 09:13:52 updating json_songs
2024-12-24 09:13:53 Filename: Phoneboy - I Look Alive (2024).mp4
2024-12-24 09:13:53 Saving C:\Github-Projects\Python Music Video Grabber\videos\Phoneboy - I Look Alive (2024).mp4
2024-12-24 09:13:53 Trying 2160p
2024-12-24 09:13:53 There was an error downloading 2160p video err=<HTTPError 400: 'Bad Request'>, type(err)=<class 'urllib.error.HTTPError'>
2024-12-24 09:13:53 Trying 1080p
2024-12-24 09:13:53 There was an error downloading 1080p video err=<HTTPError 400: 'Bad Request'>, type(err)=<class 'urllib.error.HTTPError'>
2024-12-24 09:13:53 Trying 720p
2024-12-24 09:13:53 There was an error downloading 720p video err=<HTTPError 400: 'Bad Request'>, type(err)=<class 'urllib.error.HTTPError'>
2024-12-24 09:13:53 Trying for best resolution
2024-12-24 09:13:54 There was an error downloading highest resolution video err=<HTTPError 400: 'Bad Request'>, type(err)=<class 'urllib.error.HTTPError'>
2024-12-24 09:13:54 Aborting this song.
2024-12-24 09:13:54 Could not download
2024-12-24 09:13:54 Song number 23
2024-12-24 09:13:54 songAnchor: /station/altnation/track/GDCA-110639153-002
2024-12-24 09:13:54 /station/altnation/track/GDCA-110639153-002 is already added to database
2024-12-24 09:13:54 Existing song title: Nobody's Soldier
2024-12-24 09:13:54 Existing song artist: Hozier
2024-12-24 09:13:54 Existing song file name: Hozier - Nobody s Soldier (2024).mp4
2024-12-24 09:13:54 Nothing to do. Skipping to next song.
2024-12-24 09:13:54 Song number 24
2024-12-24 09:13:54 songAnchor: /station/altnation/track/GDCA-109517729-001
2024-12-24 09:13:54 /station/altnation/track/GDCA-109517729-001 is already added to database
2024-12-24 09:13:54 Existing song title: One More Time
2024-12-24 09:13:54 Existing song artist: blink-182
2024-12-24 09:13:54 Existing song file name: blink 182 - One More Time (2023).mp4
2024-12-24 09:13:54 Nothing to do. Skipping to next song.
2024-12-24 09:13:54 Almost done. Writing out the json file now
2024-12-24 09:13:54 Sending notification email now
2024-12-24 09:13:54 Error sending email err=AttributeError("'NoneType' object has no attribute 'encode'"), type(err)=<class 'AttributeError'>
2024-12-24 09:13:54 Finished
